<?xml version="1.0" encoding="UTF-8"?>
<testng-results skipped="0" failed="0" ignored="0" total="1" passed="1">
  <reporter-output>
  </reporter-output>
  <suite name="Default suite" duration-ms="11207" started-at="2017-08-17T07:53:12Z" finished-at="2017-08-17T07:53:24Z">
    <groups>
    </groups>
    <test name="Default test" duration-ms="11207" started-at="2017-08-17T07:53:12Z" finished-at="2017-08-17T07:53:24Z">
      <class name="sa.keywordDriven.TestRunner">
        <test-method status="PASS" signature="beforeClass()[pri:0, instance:sa.keywordDriven.TestRunner@6cc4c815]" name="beforeClass" is-config="true" duration-ms="8306" started-at="2017-08-17T13:23:12Z" finished-at="2017-08-17T13:23:21Z">
          <reporter-output>
          </reporter-output>
        </test-method> <!-- beforeClass -->
        <test-method status="PASS" signature="test()[pri:0, instance:sa.keywordDriven.TestRunner@6cc4c815]" name="test" duration-ms="2901" started-at="2017-08-17T13:23:21Z" finished-at="2017-08-17T13:23:24Z">
          <reporter-output>
          </reporter-output>
        </test-method> <!-- test -->
      </class> <!-- sa.keywordDriven.TestRunner -->
    </test> <!-- Default test -->
  </suite> <!-- Default suite -->
</testng-results>
